Performing C++ SOURCE FILE Test CMAKE_HAVE_LIBC_PTHREAD failed with the following output:
Change Dir: /projects/uonlp/huy/cuda_101/flash-attn-101/build/CMakeFiles/CMakeTmp

Run Build Command(s):/usr/bin/gmake -f Makefile cmTC_991ca/fast && /usr/bin/gmake  -f CMakeFiles/cmTC_991ca.dir/build.make CMakeFiles/cmTC_991ca.dir/build
gmake[1]: Entering directory '/gpfs/projects/uonlp/huy/cuda_101/flash-attn-101/build/CMakeFiles/CMakeTmp'
Building CXX object CMakeFiles/cmTC_991ca.dir/src.cxx.o
/usr/bin/c++ -DCMAKE_HAVE_LIBC_PTHREAD  -std=gnu++17 -o CMakeFiles/cmTC_991ca.dir/src.cxx.o -c /projects/uonlp/huy/cuda_101/flash-attn-101/build/CMakeFiles/CMakeTmp/src.cxx
Linking CXX executable cmTC_991ca
/usr/bin/cmake -E cmake_link_script CMakeFiles/cmTC_991ca.dir/link.txt --verbose=1
/usr/bin/c++ CMakeFiles/cmTC_991ca.dir/src.cxx.o -o cmTC_991ca 
CMakeFiles/cmTC_991ca.dir/src.cxx.o: In function `main':
src.cxx:(.text+0x2d): undefined reference to `pthread_create'
src.cxx:(.text+0x39): undefined reference to `pthread_detach'
src.cxx:(.text+0x45): undefined reference to `pthread_cancel'
src.cxx:(.text+0x56): undefined reference to `pthread_join'
collect2: error: ld returned 1 exit status
gmake[1]: *** [CMakeFiles/cmTC_991ca.dir/build.make:99: cmTC_991ca] Error 1
gmake[1]: Leaving directory '/gpfs/projects/uonlp/huy/cuda_101/flash-attn-101/build/CMakeFiles/CMakeTmp'
gmake: *** [Makefile:127: cmTC_991ca/fast] Error 2


Source file was:
#include <pthread.h>

static void* test_func(void* data)
{
  return data;
}

int main(void)
{
  pthread_t thread;
  pthread_create(&thread, NULL, test_func, NULL);
  pthread_detach(thread);
  pthread_cancel(thread);
  pthread_join(thread, NULL);
  pthread_atfork(NULL, NULL, NULL);
  pthread_exit(NULL);

  return 0;
}

Determining if the function pthread_create exists in the pthreads failed with the following output:
Change Dir: /projects/uonlp/huy/cuda_101/flash-attn-101/build/CMakeFiles/CMakeTmp

Run Build Command(s):/usr/bin/gmake -f Makefile cmTC_d8edc/fast && /usr/bin/gmake  -f CMakeFiles/cmTC_d8edc.dir/build.make CMakeFiles/cmTC_d8edc.dir/build
gmake[1]: Entering directory '/gpfs/projects/uonlp/huy/cuda_101/flash-attn-101/build/CMakeFiles/CMakeTmp'
Building CXX object CMakeFiles/cmTC_d8edc.dir/CheckFunctionExists.cxx.o
/usr/bin/c++   -DCHECK_FUNCTION_EXISTS=pthread_create -std=gnu++17 -o CMakeFiles/cmTC_d8edc.dir/CheckFunctionExists.cxx.o -c /projects/uonlp/huy/cuda_101/flash-attn-101/build/CMakeFiles/CheckLibraryExists/CheckFunctionExists.cxx
Linking CXX executable cmTC_d8edc
/usr/bin/cmake -E cmake_link_script CMakeFiles/cmTC_d8edc.dir/link.txt --verbose=1
/usr/bin/c++  -DCHECK_FUNCTION_EXISTS=pthread_create CMakeFiles/cmTC_d8edc.dir/CheckFunctionExists.cxx.o -o cmTC_d8edc  -lpthreads 
/usr/bin/ld: cannot find -lpthreads
collect2: error: ld returned 1 exit status
gmake[1]: *** [CMakeFiles/cmTC_d8edc.dir/build.make:99: cmTC_d8edc] Error 1
gmake[1]: Leaving directory '/gpfs/projects/uonlp/huy/cuda_101/flash-attn-101/build/CMakeFiles/CMakeTmp'
gmake: *** [Makefile:127: cmTC_d8edc/fast] Error 2



